2025-04-14 02:18:04,347 - ERROR - An error occurred: [Errno 2] No such file or directory: 'Xephyr'
2025-04-14 02:19:17,721 - ERROR - An error occurred: [Errno 2] No such file or directory: 'Xephyr'
2025-04-14 02:19:38,835 - ERROR - An error occurred: [Errno 2] No such file or directory: 'Xephyr'
2025-04-14 02:20:33,309 - WARNING - Exception managing chrome: Browser path does not exist: /usr/bin/chromium
2025-04-14 02:20:33,312 - WARNING - The chromedriver version (135.0.7049.84) detected in PATH at /usr/bin/chromedriver might not be compatible with the detected chrome version (); currently, chromedriver 135.0.7049.84 is recommended for chrome .*, so it is advised to delete the driver in PATH and retry
2025-04-14 02:20:33,313 - ERROR - An error occurred: Message: Unable to obtain driver for chrome; For documentation on this error, please visit: https://www.selenium.dev/documentation/webdriver/troubleshooting/errors/driver_location

2025-04-14 02:20:59,183 - WARNING - Exception managing chrome: Browser path does not exist: /usr/bin/chromium
2025-04-14 02:20:59,185 - WARNING - The chromedriver version (135.0.7049.84) detected in PATH at /usr/bin/chromedriver might not be compatible with the detected chrome version (); currently, chromedriver 135.0.7049.84 is recommended for chrome .*, so it is advised to delete the driver in PATH and retry
2025-04-14 02:20:59,185 - ERROR - An error occurred: Message: Unable to obtain driver for chrome; For documentation on this error, please visit: https://www.selenium.dev/documentation/webdriver/troubleshooting/errors/driver_location

2025-04-14 02:22:15,402 - WARNING - Exception managing chrome: Browser path does not exist: /usr/bin/chromium
2025-04-14 02:22:15,404 - WARNING - The chromedriver version (135.0.7049.84) detected in PATH at /usr/bin/chromedriver might not be compatible with the detected chrome version (); currently, chromedriver 135.0.7049.84 is recommended for chrome .*, so it is advised to delete the driver in PATH and retry
2025-04-14 02:22:15,405 - ERROR - An error occurred: Message: Unable to obtain driver for chrome; For documentation on this error, please visit: https://www.selenium.dev/documentation/webdriver/troubleshooting/errors/driver_location

2025-04-14 02:27:30,273 - WARNING - Retrying (Retry(total=2, connect=None, read=None, redirect=None, status=None)) after connection broken by 'NewConnectionError('<urllib3.connection.HTTPConnection object at 0x7f7b8f2ed1f0>: Failed to establish a new connection: [Errno 111] Connection refused')': /session/c8a19c72f4cd19e4a58116a70330bd37
2025-04-14 02:27:30,295 - WARNING - Retrying (Retry(total=1, connect=None, read=None, redirect=None, status=None)) after connection broken by 'NewConnectionError('<urllib3.connection.HTTPConnection object at 0x7f7b8f2a3880>: Failed to establish a new connection: [Errno 111] Connection refused')': /session/c8a19c72f4cd19e4a58116a70330bd37
2025-04-14 02:27:30,297 - WARNING - Retrying (Retry(total=0, connect=None, read=None, redirect=None, status=None)) after connection broken by 'NewConnectionError('<urllib3.connection.HTTPConnection object at 0x7f7b8f2a3af0>: Failed to establish a new connection: [Errno 111] Connection refused')': /session/c8a19c72f4cd19e4a58116a70330bd37
2025-04-14 02:30:41,991 - INFO - Using existing X11 display
2025-04-14 02:30:48,955 - INFO - Starting manual login process...
2025-04-14 02:34:17,302 - ERROR - An error occurred: Message: invalid session id: session deleted as the browser has closed the connection
from disconnected: not connected to DevTools
  (Session info: chrome=135.0.7049.84)
Stacktrace:
#0 0x561f77108e5e <unknown>
#1 0x561f76aeafbb <unknown>
#2 0x561f76ad22b0 <unknown>
#3 0x561f76af9e08 <unknown>
#4 0x561f76b6a20d <unknown>
#5 0x561f76b829cc <unknown>
#6 0x561f76b60cb3 <unknown>
#7 0x561f76b2ca87 <unknown>
#8 0x561f76b2d761 <unknown>
#9 0x561f770d543a <unknown>
#10 0x561f770d8787 <unknown>
#11 0x561f770d8228 <unknown>
#12 0x561f770d8c45 <unknown>
#13 0x561f770bf346 <unknown>
#14 0x561f770d8fb2 <unknown>
#15 0x561f770a783a <unknown>
#16 0x561f770f7575 <unknown>
#17 0x561f770f7797 <unknown>
#18 0x561f77107885 <unknown>
#19 0x7f0af5489d22 start_thread

2025-04-14 02:34:51,008 - INFO - Navigating to events page: https://www.meetup.com/joyful-parenting-sf/events/
2025-04-14 02:35:09,824 - ERROR - Error during event announcement: Message: 
Stacktrace:
#0 0x555a0ba62e5e <unknown>
#1 0x555a0b444fbb <unknown>
#2 0x555a0b493f78 <unknown>
#3 0x555a0b4943c1 <unknown>
#4 0x555a0b4df824 <unknown>
#5 0x555a0b4baf0d <unknown>
#6 0x555a0b4dd24c <unknown>
#7 0x555a0b4bacb3 <unknown>
#8 0x555a0b486a87 <unknown>
#9 0x555a0b487761 <unknown>
#10 0x555a0ba2f43a <unknown>
#11 0x555a0ba32787 <unknown>
#12 0x555a0ba32228 <unknown>
#13 0x555a0ba32c45 <unknown>
#14 0x555a0ba19346 <unknown>
#15 0x555a0ba32fb2 <unknown>
#16 0x555a0ba0183a <unknown>
#17 0x555a0ba51575 <unknown>
#18 0x555a0ba51797 <unknown>
#19 0x555a0ba61885 <unknown>
#20 0x7f7682289d22 start_thread

2025-04-14 02:35:09,858 - ERROR - An error occurred: Message: 
Stacktrace:
#0 0x555a0ba62e5e <unknown>
#1 0x555a0b444fbb <unknown>
#2 0x555a0b493f78 <unknown>
#3 0x555a0b4943c1 <unknown>
#4 0x555a0b4df824 <unknown>
#5 0x555a0b4baf0d <unknown>
#6 0x555a0b4dd24c <unknown>
#7 0x555a0b4bacb3 <unknown>
#8 0x555a0b486a87 <unknown>
#9 0x555a0b487761 <unknown>
#10 0x555a0ba2f43a <unknown>
#11 0x555a0ba32787 <unknown>
#12 0x555a0ba32228 <unknown>
#13 0x555a0ba32c45 <unknown>
#14 0x555a0ba19346 <unknown>
#15 0x555a0ba32fb2 <unknown>
#16 0x555a0ba0183a <unknown>
#17 0x555a0ba51575 <unknown>
#18 0x555a0ba51797 <unknown>
#19 0x555a0ba61885 <unknown>
#20 0x7f7682289d22 start_thread

2025-04-14 02:36:12,533 - INFO - Attempting to navigate to: https://www.meetup.com/joyful-parenting-sf/events/
2025-04-14 02:36:23,523 - INFO - Successfully navigated to events page: https://www.meetup.com/joyful-parenting-sf/events/
2025-04-14 02:36:23,524 - INFO - Waiting for event cards to load...
2025-04-14 02:36:35,738 - ERROR - Timeout waiting for event cards to load
2025-04-14 02:36:41,317 - INFO - Saved error screenshot to error_screenshot.png
2025-04-14 02:36:41,318 - ERROR - Error during event announcement: Message: 
Stacktrace:
#0 0x562d9ad15e5e <unknown>
#1 0x562d9a6f7fbb <unknown>
#2 0x562d9a746f78 <unknown>
#3 0x562d9a7473c1 <unknown>
#4 0x562d9a792824 <unknown>
#5 0x562d9a76df0d <unknown>
#6 0x562d9a79024c <unknown>
#7 0x562d9a76dcb3 <unknown>
#8 0x562d9a739a87 <unknown>
#9 0x562d9a73a761 <unknown>
#10 0x562d9ace243a <unknown>
#11 0x562d9ace5787 <unknown>
#12 0x562d9ace5228 <unknown>
#13 0x562d9ace5c45 <unknown>
#14 0x562d9accc346 <unknown>
#15 0x562d9ace5fb2 <unknown>
#16 0x562d9acb483a <unknown>
#17 0x562d9ad04575 <unknown>
#18 0x562d9ad04797 <unknown>
#19 0x562d9ad14885 <unknown>
#20 0x7fcdc3889d22 start_thread

2025-04-14 02:36:43,271 - INFO - Saved error screenshot to error_screenshot.png
2025-04-14 02:36:43,273 - ERROR - An error occurred: Message: 
Stacktrace:
#0 0x562d9ad15e5e <unknown>
#1 0x562d9a6f7fbb <unknown>
#2 0x562d9a746f78 <unknown>
#3 0x562d9a7473c1 <unknown>
#4 0x562d9a792824 <unknown>
#5 0x562d9a76df0d <unknown>
#6 0x562d9a79024c <unknown>
#7 0x562d9a76dcb3 <unknown>
#8 0x562d9a739a87 <unknown>
#9 0x562d9a73a761 <unknown>
#10 0x562d9ace243a <unknown>
#11 0x562d9ace5787 <unknown>
#12 0x562d9ace5228 <unknown>
#13 0x562d9ace5c45 <unknown>
#14 0x562d9accc346 <unknown>
#15 0x562d9ace5fb2 <unknown>
#16 0x562d9acb483a <unknown>
#17 0x562d9ad04575 <unknown>
#18 0x562d9ad04797 <unknown>
#19 0x562d9ad14885 <unknown>
#20 0x7fcdc3889d22 start_thread

2025-04-14 02:38:35,093 - INFO - Attempting to navigate to: https://www.meetup.com/joyful-parenting-sf/events/
2025-04-14 02:38:48,540 - INFO - Successfully navigated to events page: https://www.meetup.com/joyful-parenting-sf/events/
2025-04-14 02:38:48,541 - INFO - Checking for cookie consent banner...
2025-04-14 02:39:02,497 - INFO - No cookie consent banner found
2025-04-14 02:39:02,607 - INFO - Waiting for event cards to load...
2025-04-14 02:39:14,922 - ERROR - Timeout waiting for event cards to load
2025-04-14 02:39:19,651 - INFO - Saved error screenshot to error_screenshot.png
2025-04-14 02:39:19,654 - ERROR - Error during event announcement: Message: 
Stacktrace:
#0 0x55d35575ae5e <unknown>
#1 0x55d35513cfbb <unknown>
#2 0x55d35518bf78 <unknown>
#3 0x55d35518c3c1 <unknown>
#4 0x55d3551d7824 <unknown>
#5 0x55d3551b2f0d <unknown>
#6 0x55d3551d524c <unknown>
#7 0x55d3551b2cb3 <unknown>
#8 0x55d35517ea87 <unknown>
#9 0x55d35517f761 <unknown>
#10 0x55d35572743a <unknown>
#11 0x55d35572a787 <unknown>
#12 0x55d35572a228 <unknown>
#13 0x55d35572ac45 <unknown>
#14 0x55d355711346 <unknown>
#15 0x55d35572afb2 <unknown>
#16 0x55d3556f983a <unknown>
#17 0x55d355749575 <unknown>
#18 0x55d355749797 <unknown>
#19 0x55d355759885 <unknown>
#20 0x7f4a61c89d22 start_thread

2025-04-14 02:39:21,465 - INFO - Saved error screenshot to error_screenshot.png
2025-04-14 02:39:21,466 - ERROR - An error occurred: Message: 
Stacktrace:
#0 0x55d35575ae5e <unknown>
#1 0x55d35513cfbb <unknown>
#2 0x55d35518bf78 <unknown>
#3 0x55d35518c3c1 <unknown>
#4 0x55d3551d7824 <unknown>
#5 0x55d3551b2f0d <unknown>
#6 0x55d3551d524c <unknown>
#7 0x55d3551b2cb3 <unknown>
#8 0x55d35517ea87 <unknown>
#9 0x55d35517f761 <unknown>
#10 0x55d35572743a <unknown>
#11 0x55d35572a787 <unknown>
#12 0x55d35572a228 <unknown>
#13 0x55d35572ac45 <unknown>
#14 0x55d355711346 <unknown>
#15 0x55d35572afb2 <unknown>
#16 0x55d3556f983a <unknown>
#17 0x55d355749575 <unknown>
#18 0x55d355749797 <unknown>
#19 0x55d355759885 <unknown>
#20 0x7f4a61c89d22 start_thread

2025-04-14 02:40:46,729 - INFO - Attempting to navigate to: https://www.meetup.com/joyful-parenting-sf/events/
2025-04-14 02:40:58,279 - INFO - Successfully navigated to events page: https://www.meetup.com/joyful-parenting-sf/events/
2025-04-14 02:40:58,280 - INFO - Checking for cookie consent banner...
2025-04-14 02:40:58,281 - INFO - Trying selector: [data-testid="cookie-consent-accept-button"]
2025-04-14 02:41:12,046 - INFO - Trying selector: button[data-testid="cookie-consent-accept-button"]
2025-04-14 02:41:16,066 - INFO - Trying selector: button[data-testid="cookie-consent-button"]
2025-04-14 02:41:18,333 - INFO - Trying selector: button[data-testid="consent-button"]
2025-04-14 02:41:21,163 - INFO - Trying selector: button.cookie-consent-button
2025-04-14 02:41:23,232 - INFO - Trying selector: button.consent-button
2025-04-14 02:41:25,652 - INFO - Trying selector: button[aria-label="Accept cookies"]
2025-04-14 02:41:27,217 - INFO - Trying selector: button:contains("Accept")
2025-04-14 02:41:27,296 - WARNING - Retrying (Retry(total=2, connect=None, read=None, redirect=None, status=None)) after connection broken by 'NewConnectionError('<urllib3.connection.HTTPConnection object at 0x7f96970d4370>: Failed to establish a new connection: [Errno 111] Connection refused')': /session/bb6fbc79a970290e36006acdbce0fc1a/element
2025-04-14 02:41:27,315 - WARNING - Retrying (Retry(total=1, connect=None, read=None, redirect=None, status=None)) after connection broken by 'NewConnectionError('<urllib3.connection.HTTPConnection object at 0x7f9697098790>: Failed to establish a new connection: [Errno 111] Connection refused')': /session/bb6fbc79a970290e36006acdbce0fc1a/element
2025-04-14 02:41:27,350 - WARNING - Retrying (Retry(total=0, connect=None, read=None, redirect=None, status=None)) after connection broken by 'NewConnectionError('<urllib3.connection.HTTPConnection object at 0x7f96970989d0>: Failed to establish a new connection: [Errno 111] Connection refused')': /session/bb6fbc79a970290e36006acdbce0fc1a/element
2025-04-14 02:41:27,381 - INFO - Trying selector: button:contains("Accept all")
2025-04-14 02:41:27,414 - WARNING - Retrying (Retry(total=2, connect=None, read=None, redirect=None, status=None)) after connection broken by 'NewConnectionError('<urllib3.connection.HTTPConnection object at 0x7f9697098f70>: Failed to establish a new connection: [Errno 111] Connection refused')': /session/bb6fbc79a970290e36006acdbce0fc1a/element
2025-04-14 02:41:27,438 - WARNING - Retrying (Retry(total=1, connect=None, read=None, redirect=None, status=None)) after connection broken by 'NewConnectionError('<urllib3.connection.HTTPConnection object at 0x7f9696f3a190>: Failed to establish a new connection: [Errno 111] Connection refused')': /session/bb6fbc79a970290e36006acdbce0fc1a/element
2025-04-14 02:41:27,474 - WARNING - Retrying (Retry(total=0, connect=None, read=None, redirect=None, status=None)) after connection broken by 'NewConnectionError('<urllib3.connection.HTTPConnection object at 0x7f9696f3a3a0>: Failed to establish a new connection: [Errno 111] Connection refused')': /session/bb6fbc79a970290e36006acdbce0fc1a/element
2025-04-14 02:41:27,500 - INFO - Trying JavaScript click on cookie button...
2025-04-14 02:41:27,519 - WARNING - Retrying (Retry(total=2, connect=None, read=None, redirect=None, status=None)) after connection broken by 'NewConnectionError('<urllib3.connection.HTTPConnection object at 0x7f9697098c70>: Failed to establish a new connection: [Errno 111] Connection refused')': /session/bb6fbc79a970290e36006acdbce0fc1a/execute/sync
2025-04-14 02:41:27,529 - WARNING - Retrying (Retry(total=1, connect=None, read=None, redirect=None, status=None)) after connection broken by 'NewConnectionError('<urllib3.connection.HTTPConnection object at 0x7f9697098820>: Failed to establish a new connection: [Errno 111] Connection refused')': /session/bb6fbc79a970290e36006acdbce0fc1a/execute/sync
2025-04-14 02:41:27,543 - WARNING - Retrying (Retry(total=0, connect=None, read=None, redirect=None, status=None)) after connection broken by 'NewConnectionError('<urllib3.connection.HTTPConnection object at 0x7f9697098700>: Failed to establish a new connection: [Errno 111] Connection refused')': /session/bb6fbc79a970290e36006acdbce0fc1a/execute/sync
2025-04-14 02:41:27,555 - INFO - No cookie consent banner found with any selector
2025-04-14 02:41:27,560 - INFO - Waiting for event cards to load...
2025-04-14 02:41:27,589 - WARNING - Retrying (Retry(total=2, connect=None, read=None, redirect=None, status=None)) after connection broken by 'NewConnectionError('<urllib3.connection.HTTPConnection object at 0x7f9696f3a850>: Failed to establish a new connection: [Errno 111] Connection refused')': /session/bb6fbc79a970290e36006acdbce0fc1a/element
2025-04-14 02:41:27,600 - WARNING - Retrying (Retry(total=1, connect=None, read=None, redirect=None, status=None)) after connection broken by 'NewConnectionError('<urllib3.connection.HTTPConnection object at 0x7f9696f3aa30>: Failed to establish a new connection: [Errno 111] Connection refused')': /session/bb6fbc79a970290e36006acdbce0fc1a/element
2025-04-14 02:41:27,610 - WARNING - Retrying (Retry(total=0, connect=None, read=None, redirect=None, status=None)) after connection broken by 'NewConnectionError('<urllib3.connection.HTTPConnection object at 0x7f9696f3ac40>: Failed to establish a new connection: [Errno 111] Connection refused')': /session/bb6fbc79a970290e36006acdbce0fc1a/element
2025-04-14 02:41:27,621 - ERROR - Error during event announcement: HTTPConnectionPool(host='localhost', port=57505): Max retries exceeded with url: /session/bb6fbc79a970290e36006acdbce0fc1a/element (Caused by NewConnectionError('<urllib3.connection.HTTPConnection object at 0x7f9696f3ae50>: Failed to establish a new connection: [Errno 111] Connection refused'))
2025-04-14 02:41:27,655 - WARNING - Retrying (Retry(total=2, connect=None, read=None, redirect=None, status=None)) after connection broken by 'NewConnectionError('<urllib3.connection.HTTPConnection object at 0x7f9696f50130>: Failed to establish a new connection: [Errno 111] Connection refused')': /session/bb6fbc79a970290e36006acdbce0fc1a/screenshot
2025-04-14 02:41:27,665 - WARNING - Retrying (Retry(total=1, connect=None, read=None, redirect=None, status=None)) after connection broken by 'NewConnectionError('<urllib3.connection.HTTPConnection object at 0x7f9696f502b0>: Failed to establish a new connection: [Errno 111] Connection refused')': /session/bb6fbc79a970290e36006acdbce0fc1a/screenshot
2025-04-14 02:41:27,674 - WARNING - Retrying (Retry(total=0, connect=None, read=None, redirect=None, status=None)) after connection broken by 'NewConnectionError('<urllib3.connection.HTTPConnection object at 0x7f9696f50430>: Failed to establish a new connection: [Errno 111] Connection refused')': /session/bb6fbc79a970290e36006acdbce0fc1a/screenshot
2025-04-14 02:41:27,700 - ERROR - Could not save error screenshot
2025-04-14 02:41:27,710 - ERROR - An error occurred: HTTPConnectionPool(host='localhost', port=57505): Max retries exceeded with url: /session/bb6fbc79a970290e36006acdbce0fc1a/element (Caused by NewConnectionError('<urllib3.connection.HTTPConnection object at 0x7f9696f3ae50>: Failed to establish a new connection: [Errno 111] Connection refused'))
2025-04-14 02:41:27,730 - WARNING - Retrying (Retry(total=2, connect=None, read=None, redirect=None, status=None)) after connection broken by 'NewConnectionError('<urllib3.connection.HTTPConnection object at 0x7f9697098be0>: Failed to establish a new connection: [Errno 111] Connection refused')': /session/bb6fbc79a970290e36006acdbce0fc1a
2025-04-14 02:41:27,747 - WARNING - Retrying (Retry(total=1, connect=None, read=None, redirect=None, status=None)) after connection broken by 'NewConnectionError('<urllib3.connection.HTTPConnection object at 0x7f9697098760>: Failed to establish a new connection: [Errno 111] Connection refused')': /session/bb6fbc79a970290e36006acdbce0fc1a
2025-04-14 02:41:27,767 - WARNING - Retrying (Retry(total=0, connect=None, read=None, redirect=None, status=None)) after connection broken by 'NewConnectionError('<urllib3.connection.HTTPConnection object at 0x7f9697098910>: Failed to establish a new connection: [Errno 111] Connection refused')': /session/bb6fbc79a970290e36006acdbce0fc1a
2025-04-14 02:44:25,756 - INFO - Attempting to navigate to: https://www.meetup.com/joyful-parenting-sf/events/
2025-04-14 02:44:39,995 - INFO - Successfully navigated to events page: https://www.meetup.com/joyful-parenting-sf/events/
2025-04-14 02:44:39,996 - INFO - Checking for cookie consent banner...
2025-04-14 02:44:39,997 - INFO - Looking for cookie accept button...
2025-04-14 02:44:56,721 - INFO - Found cookie accept button, clicking...
2025-04-14 02:45:04,222 - INFO - Waiting for event cards to load...
2025-04-14 02:45:14,245 - ERROR - Timeout waiting for event cards to load
2025-04-14 02:45:15,376 - INFO - Saved error screenshot to error_screenshot.png
2025-04-14 02:45:15,378 - ERROR - Error during event announcement: Message: 
Stacktrace:
#0 0x557153d44e5e <unknown>
#1 0x557153726fbb <unknown>
#2 0x557153775f78 <unknown>
#3 0x5571537763c1 <unknown>
#4 0x5571537c1824 <unknown>
#5 0x55715379cf0d <unknown>
#6 0x5571537bf24c <unknown>
#7 0x55715379ccb3 <unknown>
#8 0x557153768a87 <unknown>
#9 0x557153769761 <unknown>
#10 0x557153d1143a <unknown>
#11 0x557153d14787 <unknown>
#12 0x557153d14228 <unknown>
#13 0x557153d14c45 <unknown>
#14 0x557153cfb346 <unknown>
#15 0x557153d14fb2 <unknown>
#16 0x557153ce383a <unknown>
#17 0x557153d33575 <unknown>
#18 0x557153d33797 <unknown>
#19 0x557153d43885 <unknown>
#20 0x7f5eb7689d22 start_thread

2025-04-14 02:45:16,434 - INFO - Saved error screenshot to error_screenshot.png
2025-04-14 02:45:16,436 - ERROR - An error occurred: Message: 
Stacktrace:
#0 0x557153d44e5e <unknown>
#1 0x557153726fbb <unknown>
#2 0x557153775f78 <unknown>
#3 0x5571537763c1 <unknown>
#4 0x5571537c1824 <unknown>
#5 0x55715379cf0d <unknown>
#6 0x5571537bf24c <unknown>
#7 0x55715379ccb3 <unknown>
#8 0x557153768a87 <unknown>
#9 0x557153769761 <unknown>
#10 0x557153d1143a <unknown>
#11 0x557153d14787 <unknown>
#12 0x557153d14228 <unknown>
#13 0x557153d14c45 <unknown>
#14 0x557153cfb346 <unknown>
#15 0x557153d14fb2 <unknown>
#16 0x557153ce383a <unknown>
#17 0x557153d33575 <unknown>
#18 0x557153d33797 <unknown>
#19 0x557153d43885 <unknown>
#20 0x7f5eb7689d22 start_thread

2025-04-14 02:47:24,940 - INFO - Attempting to navigate to: https://www.meetup.com/joyful-parenting-sf/events/
2025-04-14 02:47:34,955 - INFO - Successfully navigated to events page: https://www.meetup.com/joyful-parenting-sf/events/
2025-04-14 02:47:34,956 - INFO - Checking for cookie consent banner...
2025-04-14 02:47:34,957 - INFO - Looking for cookie accept button...
2025-04-14 02:47:41,199 - INFO - Cookie accept button not found with ID selector
2025-04-14 02:47:41,200 - INFO - Trying fallback selector: button#onetrust-accept-btn-handler
2025-04-14 02:47:46,376 - INFO - Trying fallback selector: #onetrust-button-group button:last-child
2025-04-14 02:47:49,286 - INFO - Trying fallback selector: button:contains("Accept")
2025-04-14 02:47:50,005 - INFO - Trying fallback selector: button[aria-label="Accept"]
2025-04-14 02:47:52,660 - INFO - No cookie consent banner found
2025-04-14 02:47:52,661 - INFO - Waiting for event cards to load...
2025-04-14 02:47:53,016 - INFO - Event cards loaded successfully
2025-04-14 02:47:53,242 - INFO - Found 30 events
2025-04-14 02:47:53,603 - INFO - Processing event on MON, APR 14, 2025, 3:00 PM PDT
2025-04-14 02:47:54,461 - INFO - Found manage button for event on MON, APR 14, 2025, 3:00 PM PDT
2025-04-14 02:48:05,799 - ERROR - Error during event announcement: Message: 
Stacktrace:
#0 0x559776df6e5e <unknown>
#1 0x5597767d8fbb <unknown>
#2 0x559776827f78 <unknown>
#3 0x5597768283c1 <unknown>
#4 0x559776873824 <unknown>
#5 0x55977684ef0d <unknown>
#6 0x55977687124c <unknown>
#7 0x55977684ecb3 <unknown>
#8 0x55977681aa87 <unknown>
#9 0x55977681b761 <unknown>
#10 0x559776dc343a <unknown>
#11 0x559776dc6787 <unknown>
#12 0x559776dc6228 <unknown>
#13 0x559776dc6c45 <unknown>
#14 0x559776dad346 <unknown>
#15 0x559776dc6fb2 <unknown>
#16 0x559776d9583a <unknown>
#17 0x559776de5575 <unknown>
#18 0x559776de5797 <unknown>
#19 0x559776df5885 <unknown>
#20 0x7f4adce89d22 start_thread

2025-04-14 02:48:07,230 - INFO - Saved error screenshot to error_screenshot.png
2025-04-14 02:48:07,232 - ERROR - An error occurred: Message: 
Stacktrace:
#0 0x559776df6e5e <unknown>
#1 0x5597767d8fbb <unknown>
#2 0x559776827f78 <unknown>
#3 0x5597768283c1 <unknown>
#4 0x559776873824 <unknown>
#5 0x55977684ef0d <unknown>
#6 0x55977687124c <unknown>
#7 0x55977684ecb3 <unknown>
#8 0x55977681aa87 <unknown>
#9 0x55977681b761 <unknown>
#10 0x559776dc343a <unknown>
#11 0x559776dc6787 <unknown>
#12 0x559776dc6228 <unknown>
#13 0x559776dc6c45 <unknown>
#14 0x559776dad346 <unknown>
#15 0x559776dc6fb2 <unknown>
#16 0x559776d9583a <unknown>
#17 0x559776de5575 <unknown>
#18 0x559776de5797 <unknown>
#19 0x559776df5885 <unknown>
#20 0x7f4adce89d22 start_thread

2025-04-14 02:49:50,012 - INFO - Attempting to navigate to: https://www.meetup.com/joyful-parenting-sf/events/
2025-04-14 02:49:59,658 - INFO - Successfully navigated to events page: https://www.meetup.com/joyful-parenting-sf/events/
2025-04-14 02:49:59,659 - INFO - Checking for cookie consent banner...
2025-04-14 02:49:59,660 - INFO - Looking for cookie accept button...
2025-04-14 02:50:18,458 - INFO - Cookie accept button not found with ID selector
2025-04-14 02:50:18,470 - INFO - Trying fallback selector: button#onetrust-accept-btn-handler
2025-04-14 02:50:20,700 - INFO - Trying fallback selector: #onetrust-button-group button:last-child
2025-04-14 02:50:24,614 - INFO - Trying fallback selector: button:contains("Accept")
2025-04-14 02:50:24,973 - INFO - Trying fallback selector: button[aria-label="Accept"]
2025-04-14 02:50:27,149 - INFO - No cookie consent banner found
2025-04-14 02:50:27,152 - INFO - Waiting for event cards to load...
2025-04-14 02:50:27,278 - INFO - Event cards loaded successfully
2025-04-14 02:50:27,581 - INFO - Found 30 events
2025-04-14 02:50:28,455 - INFO - Processing event on MON, APR 14, 2025, 3:00 PM PDT
2025-04-14 02:50:28,763 - INFO - Navigating to event page: https://www.meetup.com/joyful-parenting-sf/events/306922655/?eventOrigin=group_events_list
2025-04-14 02:50:47,191 - INFO - Looking for announce banner...
2025-04-14 02:50:52,562 - INFO - No announce banner found - event may already be announced
2025-04-14 02:50:52,681 - ERROR - Error during event announcement: Message: stale element reference: stale element not found
  (Session info: chrome=135.0.7049.84); For documentation on this error, please visit: https://www.selenium.dev/documentation/webdriver/troubleshooting/errors#stale-element-reference-exception
Stacktrace:
#0 0x5629bdf6de5e <unknown>
#1 0x5629bd94ffbb <unknown>
#2 0x5629bd963e54 <unknown>
#3 0x5629bd9629d5 <unknown>
#4 0x5629bd964389 <unknown>
#5 0x5629bd95740c <unknown>
#6 0x5629bd955f8b <unknown>
#7 0x5629bd95948d <unknown>
#8 0x5629bd959586 <unknown>
#9 0x5629bd99ec62 <unknown>
#10 0x5629bd99f3c1 <unknown>
#11 0x5629bd9934c6 <unknown>
#12 0x5629bd9c5f0d <unknown>
#13 0x5629bd9933be <unknown>
#14 0x5629bd9c60ae <unknown>
#15 0x5629bd9e824c <unknown>
#16 0x5629bd9c5cb3 <unknown>
#17 0x5629bd991a87 <unknown>
#18 0x5629bd992761 <unknown>
#19 0x5629bdf3a43a <unknown>
#20 0x5629bdf3d787 <unknown>
#21 0x5629bdf3d228 <unknown>
#22 0x5629bdf3dc45 <unknown>
#23 0x5629bdf24346 <unknown>
#24 0x5629bdf3dfb2 <unknown>
#25 0x5629bdf0c83a <unknown>
#26 0x5629bdf5c575 <unknown>
#27 0x5629bdf5c797 <unknown>
#28 0x5629bdf6c885 <unknown>
#29 0x7fea72289d22 start_thread

2025-04-14 02:50:54,842 - INFO - Saved error screenshot to error_screenshot.png
2025-04-14 02:50:54,852 - ERROR - An error occurred: Message: stale element reference: stale element not found
  (Session info: chrome=135.0.7049.84); For documentation on this error, please visit: https://www.selenium.dev/documentation/webdriver/troubleshooting/errors#stale-element-reference-exception
Stacktrace:
#0 0x5629bdf6de5e <unknown>
#1 0x5629bd94ffbb <unknown>
#2 0x5629bd963e54 <unknown>
#3 0x5629bd9629d5 <unknown>
#4 0x5629bd964389 <unknown>
#5 0x5629bd95740c <unknown>
#6 0x5629bd955f8b <unknown>
#7 0x5629bd95948d <unknown>
#8 0x5629bd959586 <unknown>
#9 0x5629bd99ec62 <unknown>
#10 0x5629bd99f3c1 <unknown>
#11 0x5629bd9934c6 <unknown>
#12 0x5629bd9c5f0d <unknown>
#13 0x5629bd9933be <unknown>
#14 0x5629bd9c60ae <unknown>
#15 0x5629bd9e824c <unknown>
#16 0x5629bd9c5cb3 <unknown>
#17 0x5629bd991a87 <unknown>
#18 0x5629bd992761 <unknown>
#19 0x5629bdf3a43a <unknown>
#20 0x5629bdf3d787 <unknown>
#21 0x5629bdf3d228 <unknown>
#22 0x5629bdf3dc45 <unknown>
#23 0x5629bdf24346 <unknown>
#24 0x5629bdf3dfb2 <unknown>
#25 0x5629bdf0c83a <unknown>
#26 0x5629bdf5c575 <unknown>
#27 0x5629bdf5c797 <unknown>
#28 0x5629bdf6c885 <unknown>
#29 0x7fea72289d22 start_thread

2025-04-14 02:52:05,095 - INFO - Attempting to navigate to: https://www.meetup.com/joyful-parenting-sf/events/
2025-04-14 02:52:14,769 - INFO - Successfully navigated to events page: https://www.meetup.com/joyful-parenting-sf/events/
2025-04-14 02:52:14,770 - INFO - Waiting for event cards to load...
2025-04-14 02:52:21,370 - INFO - Event cards loaded successfully
2025-04-14 02:52:25,409 - INFO - Processing event on MON, APR 14, 2025, 3:00 PM PDT
2025-04-14 02:52:25,409 - INFO - Navigating to event page: https://www.meetup.com/joyful-parenting-sf/events/306922655/?eventOrigin=group_events_list
2025-04-14 02:52:57,527 - INFO - No more events to process
2025-04-14 02:53:11,688 - INFO - Attempting to navigate to: https://www.meetup.com/joyful-parenting-sf/events/
2025-04-14 02:53:23,141 - INFO - Successfully navigated to events page: https://www.meetup.com/joyful-parenting-sf/events/
2025-04-14 02:53:23,142 - INFO - Waiting for event cards to load...
2025-04-14 02:53:31,014 - INFO - Event cards loaded successfully
2025-04-14 02:53:42,285 - INFO - Processing event on MON, APR 14, 2025, 3:00 PM PDT
2025-04-14 02:53:42,289 - INFO - Navigating to event page: https://www.meetup.com/joyful-parenting-sf/events/306922655/?eventOrigin=group_events_list
2025-04-14 02:54:03,778 - INFO - Looking for announce banner...
2025-04-14 02:54:11,170 - INFO - No announce banner found - event may already be announced
2025-04-14 02:54:29,655 - WARNING - Retrying (Retry(total=2, connect=None, read=None, redirect=None, status=None)) after connection broken by 'NewConnectionError('<urllib3.connection.HTTPConnection object at 0x7f1e5b5597c0>: Failed to establish a new connection: [Errno 111] Connection refused')': /session/e5f9a1136d727d76aaf558ef4f5eade5
2025-04-14 02:54:29,671 - WARNING - Retrying (Retry(total=1, connect=None, read=None, redirect=None, status=None)) after connection broken by 'NewConnectionError('<urllib3.connection.HTTPConnection object at 0x7f1e5b559b80>: Failed to establish a new connection: [Errno 111] Connection refused')': /session/e5f9a1136d727d76aaf558ef4f5eade5
2025-04-14 02:54:29,678 - WARNING - Retrying (Retry(total=0, connect=None, read=None, redirect=None, status=None)) after connection broken by 'NewConnectionError('<urllib3.connection.HTTPConnection object at 0x7f1e5b559d00>: Failed to establish a new connection: [Errno 111] Connection refused')': /session/e5f9a1136d727d76aaf558ef4f5eade5
2025-04-14 02:54:38,353 - INFO - Attempting to navigate to: https://www.meetup.com/joyful-parenting-sf/events/
2025-04-14 02:54:48,982 - INFO - Successfully navigated to events page: https://www.meetup.com/joyful-parenting-sf/events/
2025-04-14 02:54:48,983 - INFO - Waiting for event cards to load...
2025-04-14 02:54:54,278 - INFO - Event cards loaded successfully
2025-04-14 02:55:00,244 - INFO - Processing event on MON, APR 14, 2025, 3:00 PM PDT
2025-04-14 02:55:00,271 - INFO - Navigating to event page: https://www.meetup.com/joyful-parenting-sf/events/306922655/?eventOrigin=group_events_list
2025-04-14 02:55:26,431 - INFO - Looking for announce banner...
2025-04-14 02:55:33,950 - INFO - No announce banner found - event may already be announced
2025-04-14 02:55:52,404 - INFO - Processing event on SAT, APR 19, 2025, 10:30 AM PDT
2025-04-14 02:55:52,405 - INFO - Navigating to event page: https://www.meetup.com/joyful-parenting-sf/events/307013858/?eventOrigin=group_events_list
2025-04-14 02:56:05,795 - INFO - Looking for announce banner...
2025-04-14 02:56:11,270 - INFO - No announce banner found - event may already be announced
2025-04-14 02:56:29,751 - INFO - Processing event on MON, APR 21, 2025, 3:00 PM PDT
2025-04-14 02:56:29,752 - INFO - Navigating to event page: https://www.meetup.com/joyful-parenting-sf/events/307052545/?eventOrigin=group_events_list
2025-04-14 02:56:44,669 - INFO - Looking for announce banner...
2025-04-14 02:56:49,722 - INFO - Found announce banner
2025-04-14 02:56:50,037 - INFO - Clicking announce button for event on MON, APR 21, 2025, 3:00 PM PDT
2025-04-14 02:57:00,137 - INFO - No confirmation dialog found
2025-04-14 02:57:30,268 - INFO - Processing event on SAT, APR 26, 2025, 10:30 AM PDT
2025-04-14 02:57:30,273 - INFO - Navigating to event page: https://www.meetup.com/joyful-parenting-sf/events/307146279/?eventOrigin=group_events_list
2025-04-14 02:57:48,294 - INFO - Looking for announce banner...
2025-04-14 02:57:52,980 - INFO - Found announce banner
2025-04-14 02:57:53,657 - INFO - Clicking announce button for event on SAT, APR 26, 2025, 10:30 AM PDT
2025-04-14 02:58:03,042 - INFO - No confirmation dialog found
2025-04-14 02:58:21,964 - INFO - Processing event on SAT, APR 26, 2025, 6:00 PM PDT
2025-04-14 02:58:21,964 - INFO - Navigating to event page: https://www.meetup.com/joyful-parenting-sf/events/307153933/?eventOrigin=group_events_list
2025-04-14 02:58:36,064 - INFO - Looking for announce banner...
2025-04-14 02:58:41,360 - INFO - Found announce banner
2025-04-14 02:58:41,783 - INFO - Clicking announce button for event on SAT, APR 26, 2025, 6:00 PM PDT
2025-04-14 02:58:52,238 - INFO - No confirmation dialog found
2025-04-14 02:59:24,247 - INFO - Processing event on MON, APR 28, 2025, 3:00 PM PDT
2025-04-14 02:59:24,252 - INFO - Navigating to event page: https://www.meetup.com/joyful-parenting-sf/events/307184987/?eventOrigin=group_events_list
